[debug] [2023-09-16T21:08:45.234Z] ----------------------------------------------------------------------
[debug] [2023-09-16T21:08:45.236Z] Command:       D:\Program\node.exe C:\Users\linhd\AppData\Roaming\npm\node_modules\firebase-tools\lib\bin\firebase.js init
[debug] [2023-09-16T21:08:45.237Z] CLI Version:   12.5.4
[debug] [2023-09-16T21:08:45.237Z] Platform:      win32
[debug] [2023-09-16T21:08:45.237Z] Node Version:  v18.17.1
[debug] [2023-09-16T21:08:45.238Z] Time:          Sat Sep 16 2023 16:08:45 GMT-0500 (Central Daylight Time)
[debug] [2023-09-16T21:08:45.238Z] ----------------------------------------------------------------------
[debug] 
[debug] [2023-09-16T21:08:45.245Z] > command requires scopes: ["email","openid","https://www.googleapis.com/auth/cloudplatformprojects.readonly","https://www.googleapis.com/auth/firebase","https://www.googleapis.com/auth/cloud-platform"]
[debug] [2023-09-16T21:08:45.245Z] > authorizing via signed-in user (linhkim1503@gmail.com)
[info] 
     ######## #### ########  ######## ########     ###     ######  ########
     ##        ##  ##     ## ##       ##     ##  ##   ##  ##       ##
     ######    ##  ########  ######   ########  #########  ######  ######
     ##        ##  ##    ##  ##       ##     ## ##     ##       ## ##
     ##       #### ##     ## ######## ########  ##     ##  ######  ########

You're about to initialize a Firebase project in this directory:

  D:\CarProject\CarProject

[info] 
=== Project Setup
[info] 
[info] First, let's associate this project directory with a Firebase project.
[info] You can create multiple project aliases by running firebase use --add, 
[info] but for now we'll just set up a default project.
[info] 
[debug] [2023-09-16T21:09:25.632Z] >>> [apiv2][query] GET https://firebase.googleapis.com/v1beta1/projects pageSize=100
[debug] [2023-09-16T21:09:26.247Z] <<< [apiv2][status] GET https://firebase.googleapis.com/v1beta1/projects 200
[debug] [2023-09-16T21:09:26.247Z] <<< [apiv2][body] GET https://firebase.googleapis.com/v1beta1/projects [omitted]
[info] i  Using project car-project-b12f9 (Car Project) 
[info] 
=== Database Setup
[info] i  database: ensuring required API firebasedatabase.googleapis.com is enabled... 
[debug] [2023-09-16T21:09:28.446Z] >>> [apiv2][query] GET https://serviceusage.googleapis.com/v1/projects/car-project-b12f9/services/firebasedatabase.googleapis.com [none]
[debug] [2023-09-16T21:09:28.446Z] >>> [apiv2][(partial)header] GET https://serviceusage.googleapis.com/v1/projects/car-project-b12f9/services/firebasedatabase.googleapis.com x-goog-quota-user=projects/car-project-b12f9
[debug] [2023-09-16T21:09:28.693Z] <<< [apiv2][status] GET https://serviceusage.googleapis.com/v1/projects/car-project-b12f9/services/firebasedatabase.googleapis.com 200
[debug] [2023-09-16T21:09:28.694Z] <<< [apiv2][body] GET https://serviceusage.googleapis.com/v1/projects/car-project-b12f9/services/firebasedatabase.googleapis.com [omitted]
[info] +  database: required API firebasedatabase.googleapis.com is enabled 
[info] 
[debug] [2023-09-16T21:09:28.695Z] >>> [apiv2][query] GET https://firebasedatabase.googleapis.com/v1beta/projects/car-project-b12f9/locations/-/instances/car-project-b12f9-default-rtdb [none]
[debug] [2023-09-16T21:09:29.817Z] <<< [apiv2][status] GET https://firebasedatabase.googleapis.com/v1beta/projects/car-project-b12f9/locations/-/instances/car-project-b12f9-default-rtdb 200
[debug] [2023-09-16T21:09:29.818Z] <<< [apiv2][body] GET https://firebasedatabase.googleapis.com/v1beta/projects/car-project-b12f9/locations/-/instances/car-project-b12f9-default-rtdb {"name":"projects/808665816378/locations/us-central1/instances/car-project-b12f9-default-rtdb","project":"projects/808665816378","databaseUrl":"https://car-project-b12f9-default-rtdb.firebaseio.com","type":"DEFAULT_DATABASE","state":"ACTIVE"}
[info] 
[info] Firebase Realtime Database Security Rules allow you to define how your data should be
[info] structured and when your data can be read from and written to.
[info] 
[debug] [2023-09-16T21:09:53.681Z] ----------------------------------------------------------------------
[debug] [2023-09-16T21:09:53.683Z] Command:       D:\Program\node.exe C:\Users\linhd\AppData\Roaming\npm\node_modules\firebase-tools\lib\bin\firebase.js init
[debug] [2023-09-16T21:09:53.683Z] CLI Version:   12.5.4
[debug] [2023-09-16T21:09:53.683Z] Platform:      win32
[debug] [2023-09-16T21:09:53.684Z] Node Version:  v18.17.1
[debug] [2023-09-16T21:09:53.684Z] Time:          Sat Sep 16 2023 16:09:53 GMT-0500 (Central Daylight Time)
[debug] [2023-09-16T21:09:53.684Z] ----------------------------------------------------------------------
[debug] 
[debug] [2023-09-16T21:09:53.691Z] > command requires scopes: ["email","openid","https://www.googleapis.com/auth/cloudplatformprojects.readonly","https://www.googleapis.com/auth/firebase","https://www.googleapis.com/auth/cloud-platform"]
[debug] [2023-09-16T21:09:53.691Z] > authorizing via signed-in user (linhkim1503@gmail.com)
[info] 
     ######## #### ########  ######## ########     ###     ######  ########
     ##        ##  ##     ## ##       ##     ##  ##   ##  ##       ##
     ######    ##  ########  ######   ########  #########  ######  ######
     ##        ##  ##    ##  ##       ##     ## ##     ##       ## ##
     ##       #### ##     ## ######## ########  ##     ##  ######  ########

You're about to initialize a Firebase project in this directory:

  D:\CarProject\CarProject

[info] 
=== Project Setup
[info] 
[info] First, let's associate this project directory with a Firebase project.
[info] You can create multiple project aliases by running firebase use --add, 
[info] but for now we'll just set up a default project.
[info] 
[debug] [2023-09-16T21:10:42.308Z] >>> [apiv2][query] GET https://firebase.googleapis.com/v1beta1/projects pageSize=100
[debug] [2023-09-16T21:10:42.738Z] <<< [apiv2][status] GET https://firebase.googleapis.com/v1beta1/projects 200
[debug] [2023-09-16T21:10:42.739Z] <<< [apiv2][body] GET https://firebase.googleapis.com/v1beta1/projects [omitted]
[info] i  Using project car-project-b12f9 (Car Project) 
[info] 
=== Storage Setup
[info] 
[info] Firebase Storage Security Rules allow you to define how and when to allow
[info] uploads and downloads. You can keep these rules in your project directory
[info] and publish them with firebase deploy.
[info] 
[info] +  Wrote firebase.js 
[info] 
=== Emulators Setup
